<?xml version="1.0" encoding="UTF-8"?>
<!-- Generated by org.testng.reporters.JUnitReportReporter -->
<testsuite skipped="0" hostname="LAPTOP-K3AONPJH" name="com.util.RadioButton" tests="1" failures="0" timestamp="14 Jan 2020 19:38:01 GMT" time="6.091" errors="0">
  <testcase name="radioButton" time="6.091" classname="com.util.RadioButton"/>
</testsuite> <!-- com.util.RadioButton -->
