<?xml version="1.0" encoding="UTF-8"?>
<!-- Generated by org.testng.reporters.JUnitReportReporter -->
<testsuite skipped="0" hostname="LAPTOP-K3AONPJH" name="com.testrunner.TestRunner$Testrunner" tests="1" failures="0" timestamp="13 Jan 2020 22:01:16 GMT" time="12.633" errors="0">
  <testcase name="feature" time="12.633" classname="com.testrunner.TestRunner$Testrunner"/>
</testsuite> <!-- com.testrunner.TestRunner$Testrunner -->
