<?xml version="1.0" encoding="UTF-8"?>
<!-- Generated by org.testng.reporters.JUnitReportReporter -->
<testsuite skipped="0" hostname="LAPTOP-K3AONPJH" name="TestRunner.TestRunner$Testrunner" tests="1" failures="0" timestamp="13 Jan 2020 20:40:03 GMT" time="0.006" errors="0">
  <testcase name="feature" time="0.006" classname="TestRunner.TestRunner$Testrunner"/>
</testsuite> <!-- TestRunner.TestRunner$Testrunner -->
