<?xml version="1.0" encoding="UTF-8"?>
<!-- Generated by org.testng.reporters.JUnitReportReporter -->
<testsuite skipped="0" hostname="LAPTOP-K3AONPJH" name="com.common.Base" tests="1" failures="0" timestamp="16 Jan 2020 19:40:12 GMT" time="5.022" errors="0">
  <testcase name="getdriver" time="5.022" classname="com.common.Base"/>
</testsuite> <!-- com.common.Base -->
